[2024-12-22 22:44:12] [INFO] GET /booksearch/v1/volumes?q=%E5%A4%8F%E9%9B%85%E6%BC%B1%E7%9F%B3 | User-Agent: curl/8.9.1 | Query: {"q":"夏雅漱石"} | ip: ::1
[2024-12-22 22:44:21] [INFO] GET /booksearch/v1/volumes?q=%E5%A4%8F%E9%9B%85%E6%BC%B1%E7%9F%B3 | User-Agent: curl/8.9.1 | Query: {"q":"夏雅漱石"} | ip: ::1
[2024-12-22 22:45:29] [INFO] GET /booksearch/v1/volumes?q=%E5%A4%8F%E9%9B%85%E6%BC%B1%E7%9F%B3 | User-Agent: curl/8.9.1 | Query: {"q":"夏雅漱石"} | ip: ::1
[20241222] [INFO] GET /booksearch/v1/volumes?q=å¤ç®æ¼±ç³ | User-Agent: curl/8.9.1 | Query: {"q":"å¤ç®æ¼±ç³"} | ip: ::1
[2024-12-22 22:49:38] [INFO] GET /booksearch/v1/volumes?q=å¤ç®æ¼±ç³ | User-Agent: curl/8.9.1 | Query: {"q":"å¤ç®æ¼±ç³"} | ip: ::1
[2024-12-22 23:00:25] [INFO] GET /booksearch/v1/volumes?q=å¤ç®æ¼±ç³ | User-Agent: curl/8.9.1 | Query: {"q":"å¤ç®æ¼±ç³"} | ip: ::1
[2024-12-22 23:00:33] [INFO] GET /booksearch/v1/volumes?q=%E5%A4%8F%E9%9B%85%E6%BC%B1%E7%9F%B3 | User-Agent: curl/8.9.1 | Query: {"q":"夏雅漱石"} | ip: ::1
[2024-12-22 23:05:22] [INFO] GET /booksearch/v1/volumes?q=%E5%A4%8F%E9%9B%85%E6%BC%B1%E7%9F%B3 | User-Agent: curl/8.9.1 | Query: {"q":"夏雅漱石"} | ip: ::1
[2024-12-25 00:14:57] [INFO] GET /booksearch/v1/volumes?q=å¤ç®æ¼±ç³ | User-Agent: curl/8.9.1 | Query: {"q":"å¤ç®æ¼±ç³"} | ip: ::1
[2024-12-25 00:26:20] [INFO] GET /booksearch/v1/volumes?q=å¤ç®æ¼±ç³ | User-Agent: curl/8.9.1 | Query: {"q":"å¤ç®æ¼±ç³"} | ip: ::1
[2024-12-25 00:49:21] [INFO] GET /booksearch/v1/volumes?q=å¤ç®æ¼±ç³ | User-Agent: curl/8.9.1 | Query: {"q":"å¤ç®æ¼±ç³"} | ip: ::1
[2024-12-25 00:52:05] [INFO] GET /booksearch/v1/volumes?q=å¤ç®æ¼±ç³ | User-Agent: curl/8.9.1 | Query: {"q":"å¤ç®æ¼±ç³"} | ip: ::1
[2024-12-25 20:27:43] [INFO] GET /booksearch/v1/volumes?q=å¤ç®æ¼±ç³ | User-Agent: curl/8.9.1 | Query: {"q":"å¤ç®æ¼±ç³"} | ip: ::1
[2024-12-25 20:41:02] [INFO] GET /booksearch/v1/volumes?q=å¤ç®æ¼±ç³ | User-Agent: curl/8.9.1 | Query: {"q":"å¤ç®æ¼±ç³"} | ip: ::1
[2024-12-25 20:54:37] [INFO] GET /example | User-Agent: curl/8.9.1 | Query: {} | ip: ::1
[2024-12-25 20:54:37] [INFO] GET /example | User-Agent: curl/8.9.1 | Query: {} | ip: ::1
[2024-12-25 20:55:38] [INFO] GET /example | User-Agent: curl/8.9.1 | Query: {} | ip: ::1
[2024-12-25 20:55:38] [INFO] GET /example | User-Agent: curl/8.9.1 | Query: {} | ip: ::1
[2024-12-25 20:57:57] [INFO] GET /example | User-Agent: curl/8.9.1 | Query: {} | ip: ::1
[2024-12-25 20:57:57] [INFO] GET /example | User-Agent: curl/8.9.1 | Query: {} | ip: ::1
[2024-12-25 21:09:40] [INFO] GET /example | User-Agent: curl/8.9.1 | Query: {} | ip: ::1
[2024-12-25 21:09:40] [INFO] GET /example | User-Agent: curl/8.9.1 | Query: {} | ip: ::1
[2024-12-25 21:21:20] [INFO] GET /booksearch/v1/volumes?q=å¤ç®æ¼±ç³ | User-Agent: curl/8.9.1 | Query: {"q":"å¤ç®æ¼±ç³"} | ip: ::1
[2024-12-25 21:27:34] [INFO] GET /booksearch/v1/volumes?q=å¤ç®æ¼±ç³ | User-Agent: curl/8.9.1 | Query: {"q":"å¤ç®æ¼±ç³"} | ip: ::1
[2024-12-25 21:27:53] [INFO] GET /booksearch/v1/volumes?q=å¤ç®æ¼±ç³ | User-Agent: curl/8.9.1 | Query: {"q":"å¤ç®æ¼±ç³"} | ip: ::1
[2024-12-25 21:29:32] [INFO] GET /booksearch/v1/volumes?q=å¤ç®æ¼±ç³ | User-Agent: curl/8.9.1 | Query: {"q":"å¤ç®æ¼±ç³"} | ip: ::1
[2024-12-25 21:29:53] [INFO] GET /booksearch/v1/volumes?q=å¤ç®æ¼±ç³ | User-Agent: curl/8.9.1 | Query: {"q":"å¤ç®æ¼±ç³"} | ip: ::1
[2024-12-25 22:11:44] [INFO] GET /booksearch/v1/volumes?q=å¤ç®æ¼±ç³ | User-Agent: curl/8.9.1 | Query: {"q":"å¤ç®æ¼±ç³"} | ip: ::1
[2024-12-25 22:26:33] [INFO] GET /booksearch/v1/volumes?q=å¤ç®æ¼±ç³ | User-Agent: curl/8.9.1 | Query: {"q":"å¤ç®æ¼±ç³"} | ip: ::1
[2024-12-25 22:33:20] [INFO] GET /booksearch/v1/volumes?q=å¤ç®æ¼±ç³ | User-Agent: curl/8.9.1 | Query: {"q":"å¤ç®æ¼±ç³"} | ip: ::1
[2024-12-25 22:34:49] [INFO] GET /booksearch/v1/volumes?q=å¤ç®æ¼±ç³ | User-Agent: curl/8.9.1 | Query: {"q":"å¤ç®æ¼±ç³"} | ip: ::1
[2024-12-25 22:49:13] [INFO] GET /booksearch/v1/volumes?q=å¤ç®æ¼±ç³ | User-Agent: curl/8.9.1 | Query: {"q":"å¤ç®æ¼±ç³"} | ip: ::1
[2024-12-27 22:15:19] [INFO] GET /booksearch/v1/volumes?q=å¤ç®æ¼±ç³ | User-Agent: curl/8.9.1 | Query: {"q":"å¤ç®æ¼±ç³"} | ip: ::1
[2024-12-27 22:17:25] [INFO] GET /booksearch/v1/volumes?q=å¤ç®æ¼±ç³ | User-Agent: curl/8.9.1 | Query: {"q":"å¤ç®æ¼±ç³"} | ip: ::1
[2024-12-27 22:20:46] [INFO] GET /booksearch/v1/volumes?q=å¤ç®æ¼±ç³ | User-Agent: curl/8.9.1 | Query: {"q":"å¤ç®æ¼±ç³"} | ip: ::1
[2024-12-27 22:22:09] [INFO] GET /booksearch/v1/volumes?q=å¤ç®æ¼±ç³ | User-Agent: curl/8.9.1 | Query: {"q":"å¤ç®æ¼±ç³"} | ip: ::1
[2024-12-27 22:32:20] [INFO] GET /booksearch/v1/volumes?q=å¤ç®æ¼±ç³ | User-Agent: curl/8.9.1 | Query: {"q":"å¤ç®æ¼±ç³"} | ip: ::1
[2024-12-28 01:29:31] [INFO] GET /booksearch/v1/volumes?q=å¤ç®æ¼±ç³ | User-Agent: curl/8.9.1 | Query: {"q":"å¤ç®æ¼±ç³"} | ip: ::1
[2024-12-29 15:52:12] [INFO] POST /addbookinfo/v1/volumes | User-Agent: curl/8.9.1 | Query: {} | ip: ::1
[2024-12-29 15:52:12] [INFO] POST /addbookinfo/v1/volumes | User-Agent: curl/8.9.1 | Query: {} | ip: ::1
[2024-12-29 15:53:28] [INFO] POST /addbookinfo/v1/volumes | User-Agent: curl/8.9.1 | Query: {} | ip: ::1
[2024-12-29 15:53:28] [INFO] POST /addbookinfo/v1/volumes | User-Agent: curl/8.9.1 | Query: {} | ip: ::1
[2024-12-29 21:10:13] [INFO] POST /addbookinfo/v1/volumes | User-Agent: curl/8.9.1 | Query: {} | ip: ::1
[2024-12-29 21:10:13] [INFO] POST /addbookinfo/v1/volumes | User-Agent: curl/8.9.1 | Query: {} | ip: ::1
[2024-12-29 21:25:48] [INFO] POST /addbookinfo/v1/volumes | User-Agent: curl/8.9.1 | Query: {} | ip: ::1
[2024-12-29 21:25:48] [INFO] POST /addbookinfo/v1/volumes | User-Agent: curl/8.9.1 | Query: {} | ip: ::1
[2024-12-29 21:32:26] [INFO] POST /addbookinfo/v1/volumes | User-Agent: curl/8.9.1 | Query: {} | ip: ::1
[2024-12-29 21:32:26] [INFO] POST /addbookinfo/v1/volumes | User-Agent: curl/8.9.1 | Query: {} | ip: ::1
[2024-12-29 21:36:14] [INFO] POST /addbookinfo/v1/volumes | User-Agent: curl/8.9.1 | Query: {} | ip: ::1
[2024-12-29 21:36:14] [INFO] POST /addbookinfo/v1/volumes | User-Agent: curl/8.9.1 | Query: {} | ip: ::1
[2024-12-29 21:37:02] [INFO] POST /addbookinfo/v1/volumes | User-Agent: curl/8.9.1 | Query: {} | ip: ::1
[2024-12-29 21:37:02] [INFO] POST /addbookinfo/v1/volumes | User-Agent: curl/8.9.1 | Query: {} | ip: ::1
[2024-12-29 21:38:01] [INFO] POST /addbookinfo/v1/volumes | User-Agent: curl/8.9.1 | Query: {} | ip: ::1
[2024-12-29 21:38:01] [INFO] POST /addbookinfo/v1/volumes | User-Agent: curl/8.9.1 | Query: {} | ip: ::1
[2024-12-29 21:41:22] [INFO] POST /addbookinfo/v1/volumes | User-Agent: curl/8.9.1 | Query: {} | ip: ::1
[2024-12-29 21:41:22] [INFO] POST /addbookinfo/v1/volumes | User-Agent: curl/8.9.1 | Query: {} | ip: ::1
[2024-12-29 21:56:26] [INFO] POST /addbookinfo/v1/volumes | User-Agent: curl/8.9.1 | Query: {} | ip: ::1
[2024-12-29 21:56:26] [INFO] POST /addbookinfo/v1/volumes | User-Agent: curl/8.9.1 | Query: {} | ip: ::1
[2024-12-29 21:59:28] [INFO] POST /addbookinfo/v1/volumes | User-Agent: curl/8.9.1 | Query: {} | ip: ::1
[2024-12-29 21:59:28] [INFO] POST /addbookinfo/v1/volumes | User-Agent: curl/8.9.1 | Query: {} | ip: ::1
[2024-12-29 22:00:41] [INFO] POST /addbookinfo/v1/volumes | User-Agent: curl/8.9.1 | Query: {} | ip: ::1
[2024-12-29 22:00:41] [INFO] POST /addbookinfo/v1/volumes | User-Agent: curl/8.9.1 | Query: {} | ip: ::1
[2024-12-29 22:01:09] [INFO] POST /addbookinfo/v1/volumes | User-Agent: curl/8.9.1 | Query: {} | ip: ::1
[2024-12-29 22:01:09] [INFO] POST /addbookinfo/v1/volumes | User-Agent: curl/8.9.1 | Query: {} | ip: ::1
[2024-12-30 00:34:09] [INFO] POST /addbookinfo/v1/volumes | User-Agent: curl/8.9.1 | Query: {} | Request Body: [object Object] | ip: ::1
[2024-12-30 00:34:09] [INFO] POST /addbookinfo/v1/volumes | User-Agent: curl/8.9.1 | Query: {} | Request Body: [object Object] | ip: ::1
[2024-12-30 00:36:39] [INFO] POST /addbookinfo/v1/volumes | User-Agent: curl/8.9.1 | Query: {} | Request Body: [object Object] | ip: ::1
[2024-12-30 00:36:39] [INFO] POST /addbookinfo/v1/volumes | User-Agent: curl/8.9.1 | Query: {} | Request Body: [object Object] | ip: ::1
[2024-12-30 00:38:40] [INFO] POST /addbookinfo/v1/volumes | User-Agent: curl/8.9.1 | Query: {} | Request Body: {"title":"Test Book Title","authorIdList":["authorId-1","authorId-2"],"description":"description of test book.","publishedDate":"20241227"} | ip: ::1
[2024-12-30 00:38:40] [INFO] POST /addbookinfo/v1/volumes | User-Agent: curl/8.9.1 | Query: {} | Request Body: {"title":"Test Book Title","authorIdList":["authorId-1","authorId-2"],"description":"description of test book.","publishedDate":"20241227"} | ip: ::1
[2024-12-30 00:41:03] [INFO] POST /addbookinfo/v1/volumes | User-Agent: curl/8.9.1 | Query: {} | Request Body: {"title":"Test Book Title","authorIdList":["authorId-1","authorId-2"],"description":"description of test book.","publishedDate":"20241227"} | ip: ::1
[2024-12-30 00:41:03] [INFO] POST /addbookinfo/v1/volumes | User-Agent: curl/8.9.1 | Query: {} | Request Body: {"title":"Test Book Title","authorIdList":["authorId-1","authorId-2"],"description":"description of test book.","publishedDate":"20241227"} | ip: ::1
[2024-12-30 00:45:56] [INFO] POST /addbookinfo/v1/volumes | User-Agent: curl/8.9.1 | Query: {} | Request Body: {"title":"Test Book Title","authorIdList":["authorId-1","authorId-2"],"description":"description of test book.","publishedDate":"20241227"} | ip: ::1
[2024-12-30 00:50:24] [INFO] POST /addbookinfo/v1/volumes | User-Agent: curl/8.9.1 | Query: {} | Request Body: {"title":"Test Book Title","authorIdList":["authorId-1","authorId-2"],"description":"description of test book.","publishedDate":"20241227"} | ip: ::1
